<?xml version="1.0" encoding="UTF-8"?>
<!-- Generated by org.testng.reporters.JUnitXMLReporter -->
<testsuite ignored="0" hostname="DESKTOP-799KKK6" failures="1" tests="1" name="RegressionTests" time="0.855" errors="0" timestamp="2025-09-09T02:12:03 IST">
  <testcase classname="io.cucumber.testng.AbstractTestNGCucumberTests" name="runScenario" time="0.0">
    <failure type="org.testng.TestNGException" message="
Found two providers called &amp;apos;scenarios&amp;apos; on class com.testrunners.RegressionRunner">
      <![CDATA[org.testng.TestNGException: 
Found two providers called 'scenarios' on class com.testrunners.RegressionRunner
at java.base/java.util.ArrayList.forEach(ArrayList.java:1596)
... Removed 25 stack frames]]>
    </failure>
  </testcase> <!-- runScenario -->
</testsuite> <!-- RegressionTests -->
