<?xml version="1.0" encoding="UTF-8"?>
<!-- Generated by org.testng.reporters.JUnitXMLReporter -->
<testsuite ignored="0" hostname="DESKTOP-799KKK6" failures="6" tests="6" name="Default test" time="13.87" errors="0" timestamp="2025-09-07T23:31:32 IST">
  <testcase classname="io.cucumber.testng.AbstractTestNGCucumberTests" name="runScenario" time="2.534">
    <failure type="java.lang.NullPointerException" message="Cannot invoke &amp;quot;org.openqa.selenium.WebDriver.get(String)&amp;quot; because &amp;quot;this.driver&amp;quot; is null">
      <![CDATA[java.lang.NullPointerException: Cannot invoke "org.openqa.selenium.WebDriver.get(String)" because "this.driver" is null
at com.stepdefinitions.GoogleSteps.navigateToUrl(GoogleSteps.java:25)
at ✽.Navigate to "https:/www.amazon.com"(file:///C:/CK/CK_Personal_Projects/BrowserLaunch-JavaSelenium-BDD/src/test/resources/features/ecommerce/Amazon.feature:5)
]]>
    </failure>
  </testcase> <!-- runScenario -->
  <testcase classname="io.cucumber.testng.AbstractTestNGCucumberTests" name="runScenario" time="2.218">
    <failure type="java.lang.NullPointerException" message="Cannot invoke &amp;quot;org.openqa.selenium.WebDriver.get(String)&amp;quot; because &amp;quot;this.driver&amp;quot; is null">
      <![CDATA[java.lang.NullPointerException: Cannot invoke "org.openqa.selenium.WebDriver.get(String)" because "this.driver" is null
at com.stepdefinitions.GoogleSteps.navigateToUrl(GoogleSteps.java:25)
at ✽.Navigate to "https:/www.amazon.com"(file:///C:/CK/CK_Personal_Projects/BrowserLaunch-JavaSelenium-BDD/src/test/resources/features/ecommerce/Amazon.feature:10)
]]>
    </failure>
  </testcase> <!-- runScenario -->
  <testcase classname="io.cucumber.testng.AbstractTestNGCucumberTests" name="runScenario" time="2.282">
    <failure type="java.lang.NullPointerException" message="Cannot invoke &amp;quot;org.openqa.selenium.WebDriver.get(String)&amp;quot; because &amp;quot;this.driver&amp;quot; is null">
      <![CDATA[java.lang.NullPointerException: Cannot invoke "org.openqa.selenium.WebDriver.get(String)" because "this.driver" is null
at com.stepdefinitions.GoogleSteps.navigateToUrl(GoogleSteps.java:25)
at ✽.Navigate to "https:/www.amazon.com"(file:///C:/CK/CK_Personal_Projects/BrowserLaunch-JavaSelenium-BDD/src/test/resources/features/ecommerce/Amazon.feature:15)
]]>
    </failure>
  </testcase> <!-- runScenario -->
  <testcase classname="io.cucumber.testng.AbstractTestNGCucumberTests" name="runScenario" time="2.244">
    <failure type="java.lang.NullPointerException" message="Cannot invoke &amp;quot;org.openqa.selenium.WebDriver.get(String)&amp;quot; because &amp;quot;this.driver&amp;quot; is null">
      <![CDATA[java.lang.NullPointerException: Cannot invoke "org.openqa.selenium.WebDriver.get(String)" because "this.driver" is null
at com.stepdefinitions.GoogleSteps.navigateToUrl(GoogleSteps.java:25)
at ✽.Navigate to "https:/www.Flipkart.com"(file:///C:/CK/CK_Personal_Projects/BrowserLaunch-JavaSelenium-BDD/src/test/resources/features/ecommerce/Flipkart.feature:5)
]]>
    </failure>
  </testcase> <!-- runScenario -->
  <testcase classname="io.cucumber.testng.AbstractTestNGCucumberTests" name="runScenario" time="2.145">
    <failure type="java.lang.NullPointerException" message="Cannot invoke &amp;quot;org.openqa.selenium.WebDriver.get(String)&amp;quot; because &amp;quot;this.driver&amp;quot; is null">
      <![CDATA[java.lang.NullPointerException: Cannot invoke "org.openqa.selenium.WebDriver.get(String)" because "this.driver" is null
at com.stepdefinitions.GoogleSteps.navigateToUrl(GoogleSteps.java:25)
at ✽.Navigate to "https:/www.Flipkart.com"(file:///C:/CK/CK_Personal_Projects/BrowserLaunch-JavaSelenium-BDD/src/test/resources/features/ecommerce/Flipkart.feature:11)
]]>
    </failure>
  </testcase> <!-- runScenario -->
  <testcase classname="io.cucumber.testng.AbstractTestNGCucumberTests" name="runScenario" time="2.232">
    <failure type="java.lang.NullPointerException" message="Cannot invoke &amp;quot;org.openqa.selenium.WebDriver.get(String)&amp;quot; because &amp;quot;this.driver&amp;quot; is null">
      <![CDATA[java.lang.NullPointerException: Cannot invoke "org.openqa.selenium.WebDriver.get(String)" because "this.driver" is null
at com.stepdefinitions.GoogleSteps.navigateToUrl(GoogleSteps.java:25)
at ✽.Navigate to "https:/www.Flipkart.com"(file:///C:/CK/CK_Personal_Projects/BrowserLaunch-JavaSelenium-BDD/src/test/resources/features/ecommerce/Flipkart.feature:17)
]]>
    </failure>
  </testcase> <!-- runScenario -->
</testsuite> <!-- Default test -->
