<?xml version="1.0" encoding="UTF-8"?>
<testng-results ignored="0" total="6" passed="6" failed="0" skipped="0">
  <reporter-output>
  </reporter-output>
  <suite started-at="2025-09-09T03:15:56 IST" name="RegressionSuite" finished-at="2025-09-09T03:16:19 IST" duration-ms="22267">
    <groups>
      <group name="cucumber">
        <method signature="AbstractTestNGCucumberTests.runScenario(io.cucumber.testng.PickleWrapper,io.cucumber.testng.FeatureWrapper)[pri:0, instance:com.testrunners.RegressionRunner@48f2bd5b]" name="runScenario" class="io.cucumber.testng.AbstractTestNGCucumberTests"/>
      </group> <!-- cucumber -->
    </groups>
    <test started-at="2025-09-09T03:15:56 IST" name="RegressionTests" finished-at="2025-09-09T03:16:19 IST" duration-ms="22267">
      <class name="com.testrunners.RegressionRunner">
        <test-method is-config="true" signature="setUpClass(org.testng.ITestContext)[pri:0, instance:com.testrunners.RegressionRunner@48f2bd5b]" started-at="2025-09-09T03:15:56 IST" name="setUpClass" finished-at="2025-09-09T03:15:57 IST" duration-ms="592" status="PASS">
          <params>
            <param index="0">
              <value>
                <![CDATA[org.testng.TestRunner@1e6dad8]]>
              </value>
            </param>
          </params>
          <reporter-output>
          </reporter-output>
        </test-method> <!-- setUpClass -->
        <test-method signature="runScenario(io.cucumber.testng.PickleWrapper,io.cucumber.testng.FeatureWrapper)[pri:0, instance:com.testrunners.RegressionRunner@48f2bd5b]" started-at="2025-09-09T03:15:57 IST" name="runScenario" description="Runs Cucumber Scenarios" data-provider="scenarios" finished-at="2025-09-09T03:16:10 IST" duration-ms="13040" status="PASS">
          <params>
            <param index="0">
              <value>
                <![CDATA["Verify page title"]]>
              </value>
            </param>
            <param index="1">
              <value>
                <![CDATA["Swiggy App"]]>
              </value>
            </param>
          </params>
          <reporter-output>
          </reporter-output>
        </test-method> <!-- runScenario -->
        <test-method signature="runScenario(io.cucumber.testng.PickleWrapper,io.cucumber.testng.FeatureWrapper)[pri:0, instance:com.testrunners.RegressionRunner@48f2bd5b]" started-at="2025-09-09T03:15:57 IST" name="runScenario" description="Runs Cucumber Scenarios" data-provider="scenarios" finished-at="2025-09-09T03:16:09 IST" duration-ms="12173" status="PASS">
          <params>
            <param index="0">
              <value>
                <![CDATA["Verify page title"]]>
              </value>
            </param>
            <param index="1">
              <value>
                <![CDATA["Amazon App"]]>
              </value>
            </param>
          </params>
          <reporter-output>
          </reporter-output>
        </test-method> <!-- runScenario -->
        <test-method signature="runScenario(io.cucumber.testng.PickleWrapper,io.cucumber.testng.FeatureWrapper)[pri:0, instance:com.testrunners.RegressionRunner@48f2bd5b]" started-at="2025-09-09T03:15:57 IST" name="runScenario" description="Runs Cucumber Scenarios" data-provider="scenarios" finished-at="2025-09-09T03:16:09 IST" duration-ms="12243" status="PASS">
          <params>
            <param index="0">
              <value>
                <![CDATA["Verify page title"]]>
              </value>
            </param>
            <param index="1">
              <value>
                <![CDATA["Flipkart App"]]>
              </value>
            </param>
          </params>
          <reporter-output>
          </reporter-output>
        </test-method> <!-- runScenario -->
        <test-method signature="runScenario(io.cucumber.testng.PickleWrapper,io.cucumber.testng.FeatureWrapper)[pri:0, instance:com.testrunners.RegressionRunner@48f2bd5b]" started-at="2025-09-09T03:16:09 IST" name="runScenario" description="Runs Cucumber Scenarios" data-provider="scenarios" finished-at="2025-09-09T03:16:18 IST" duration-ms="8554" status="PASS">
          <params>
            <param index="0">
              <value>
                <![CDATA["Verify page title"]]>
              </value>
            </param>
            <param index="1">
              <value>
                <![CDATA["Zomato App"]]>
              </value>
            </param>
          </params>
          <reporter-output>
          </reporter-output>
        </test-method> <!-- runScenario -->
        <test-method signature="runScenario(io.cucumber.testng.PickleWrapper,io.cucumber.testng.FeatureWrapper)[pri:0, instance:com.testrunners.RegressionRunner@48f2bd5b]" started-at="2025-09-09T03:16:09 IST" name="runScenario" description="Runs Cucumber Scenarios" data-provider="scenarios" finished-at="2025-09-09T03:16:18 IST" duration-ms="8318" status="PASS">
          <params>
            <param index="0">
              <value>
                <![CDATA["Verify page title"]]>
              </value>
            </param>
            <param index="1">
              <value>
                <![CDATA["Facebook App"]]>
              </value>
            </param>
          </params>
          <reporter-output>
          </reporter-output>
        </test-method> <!-- runScenario -->
        <test-method signature="runScenario(io.cucumber.testng.PickleWrapper,io.cucumber.testng.FeatureWrapper)[pri:0, instance:com.testrunners.RegressionRunner@48f2bd5b]" started-at="2025-09-09T03:16:10 IST" name="runScenario" description="Runs Cucumber Scenarios" data-provider="scenarios" finished-at="2025-09-09T03:16:18 IST" duration-ms="7509" status="PASS">
          <params>
            <param index="0">
              <value>
                <![CDATA["Verify page title"]]>
              </value>
            </param>
            <param index="1">
              <value>
                <![CDATA["Google App"]]>
              </value>
            </param>
          </params>
          <reporter-output>
          </reporter-output>
        </test-method> <!-- runScenario -->
        <test-method is-config="true" signature="tearDownClass()[pri:0, instance:com.testrunners.RegressionRunner@48f2bd5b]" started-at="2025-09-09T03:16:18 IST" name="tearDownClass" finished-at="2025-09-09T03:16:19 IST" duration-ms="894" status="PASS">
          <reporter-output>
          </reporter-output>
        </test-method> <!-- tearDownClass -->
      </class> <!-- com.testrunners.RegressionRunner -->
    </test> <!-- RegressionTests -->
  </suite> <!-- RegressionSuite -->
</testng-results>
