<?xml version="1.0" encoding="UTF-8"?>
<testsuite xmlns:xsi="http://www.w3.org/2001/XMLSchema-instance" xsi:noNamespaceSchemaLocation="https://maven.apache.org/surefire/maven-surefire-plugin/xsd/surefire-test-report-3.0.xsd" version="3.0" name="TestSuite" time="40.032" tests="6" errors="0" skipped="0" failures="1">
  <properties>
[...]
</properties>
  <testcase name="runScenario[&quot;Verify page title&quot;, &quot;Amazon App&quot;](1)" classname="com.testrunners.EcommerceRunner" time="7.925">
    <system-out><![CDATA[Amazon_Verify page title :: Test Started
]]></system-out>
    <system-err><![CDATA[SLF4J: Failed to load class "org.slf4j.impl.StaticLoggerBinder".
SLF4J: Defaulting to no-operation (NOP) logger implementation
SLF4J: See http://www.slf4j.org/codes.html#StaticLoggerBinder for further details.
Sept 08, 2025 3:14:27 AM org.openqa.selenium.devtools.CdpVersionFinder findNearestMatch
WARNING: Unable to find CDP implementation matching 139
Sept 08, 2025 3:14:27 AM org.openqa.selenium.chromium.ChromiumDriver lambda$new$5
WARNING: Unable to find version of CDP to use for 139.0.7258.157. You may need to include a dependency on a specific version of the CDP using something similar to `org.seleniumhq.selenium:selenium-devtools-v86:4.25.0` where the version ("v86") matches the version of the chromium-based browser you're using and the version number of the artifact is the same as Selenium's.
]]></system-err>
  </testcase>
  <testcase name="runScenario[&quot;Verify page title&quot;, &quot;Amazon App&quot;](2)" classname="com.testrunners.EcommerceRunner" time="7.039">
    <system-out><![CDATA[Amazon_Verify page title :: Test Started
]]></system-out>
    <system-err><![CDATA[Sept 08, 2025 3:14:34 AM org.openqa.selenium.devtools.CdpVersionFinder findNearestMatch
WARNING: Unable to find CDP implementation matching 139
Sept 08, 2025 3:14:34 AM org.openqa.selenium.chromium.ChromiumDriver lambda$new$5
WARNING: Unable to find version of CDP to use for 139.0.7258.157. You may need to include a dependency on a specific version of the CDP using something similar to `org.seleniumhq.selenium:selenium-devtools-v86:4.25.0` where the version ("v86") matches the version of the chromium-based browser you're using and the version number of the artifact is the same as Selenium's.
]]></system-err>
  </testcase>
  <testcase name="runScenario[&quot;Verify page title&quot;, &quot;Amazon App&quot;](3)" classname="com.testrunners.EcommerceRunner" time="6.014">
    <failure message="expected [Amazon.com. Spend less. Smile ] but found [Amazon.com. Spend less. Smile more.]" type="java.lang.AssertionError"><![CDATA[java.lang.AssertionError: expected [Amazon.com. Spend less. Smile ] but found [Amazon.com. Spend less. Smile more.]
	at org.testng.Assert.fail(Assert.java:111)
	at org.testng.Assert.failNotEquals(Assert.java:1578)
	at org.testng.Assert.assertEqualsImpl(Assert.java:150)
	at org.testng.Assert.assertEquals(Assert.java:132)
	at org.testng.Assert.assertEquals(Assert.java:656)
	at org.testng.Assert.assertEquals(Assert.java:666)
	at com.genericlibrary.GenericFunctions.verifyPageTitle(GenericFunctions.java:17)
	at com.stepdefinitions.CommonSteps.verifyPageTitleToBe(CommonSteps.java:29)
	at ✽.Verify page title to be "Amazon.com. Spend less. Smile "(file:///C:/CK/CK_Personal_Projects/BrowserLaunch-JavaSelenium-BDD/src/test/resources/features/ecommerce/Amazon.feature:17)
]]></failure>
    <system-out><![CDATA[Amazon_Verify page title :: Test Started
]]></system-out>
    <system-err><![CDATA[Sept 08, 2025 3:14:41 AM org.openqa.selenium.devtools.CdpVersionFinder findNearestMatch
WARNING: Unable to find CDP implementation matching 139
Sept 08, 2025 3:14:41 AM org.openqa.selenium.chromium.ChromiumDriver lambda$new$5
WARNING: Unable to find version of CDP to use for 139.0.7258.157. You may need to include a dependency on a specific version of the CDP using something similar to `org.seleniumhq.selenium:selenium-devtools-v86:4.25.0` where the version ("v86") matches the version of the chromium-based browser you're using and the version number of the artifact is the same as Selenium's.
]]></system-err>
  </testcase>
  <testcase name="runScenario[&quot;Verify page title&quot;, &quot;Flipkart App&quot;](4)" classname="com.testrunners.EcommerceRunner" time="6.283">
    <system-out><![CDATA[Flipkart_Verify page title :: Test Started
]]></system-out>
    <system-err><![CDATA[Sept 08, 2025 3:14:47 AM org.openqa.selenium.devtools.CdpVersionFinder findNearestMatch
WARNING: Unable to find CDP implementation matching 139
Sept 08, 2025 3:14:47 AM org.openqa.selenium.chromium.ChromiumDriver lambda$new$5
WARNING: Unable to find version of CDP to use for 139.0.7258.157. You may need to include a dependency on a specific version of the CDP using something similar to `org.seleniumhq.selenium:selenium-devtools-v86:4.25.0` where the version ("v86") matches the version of the chromium-based browser you're using and the version number of the artifact is the same as Selenium's.
]]></system-err>
  </testcase>
  <testcase name="runScenario[&quot;Verify page title&quot;, &quot;Flipkart App&quot;](5)" classname="com.testrunners.EcommerceRunner" time="5.387">
    <system-out><![CDATA[Flipkart_Verify page title :: Test Started
]]></system-out>
    <system-err><![CDATA[Sept 08, 2025 3:14:54 AM org.openqa.selenium.devtools.CdpVersionFinder findNearestMatch
WARNING: Unable to find CDP implementation matching 139
Sept 08, 2025 3:14:54 AM org.openqa.selenium.chromium.ChromiumDriver lambda$new$5
WARNING: Unable to find version of CDP to use for 139.0.7258.157. You may need to include a dependency on a specific version of the CDP using something similar to `org.seleniumhq.selenium:selenium-devtools-v86:4.25.0` where the version ("v86") matches the version of the chromium-based browser you're using and the version number of the artifact is the same as Selenium's.
]]></system-err>
  </testcase>
  <testcase name="runScenario[&quot;Verify page title&quot;, &quot;Flipkart App&quot;](6)" classname="com.testrunners.EcommerceRunner" time="6.282">
    <system-out><![CDATA[Flipkart_Verify page title :: Test Started
]]></system-out>
    <system-err><![CDATA[Sept 08, 2025 3:14:59 AM org.openqa.selenium.devtools.CdpVersionFinder findNearestMatch
WARNING: Unable to find CDP implementation matching 139
Sept 08, 2025 3:14:59 AM org.openqa.selenium.chromium.ChromiumDriver lambda$new$5
WARNING: Unable to find version of CDP to use for 139.0.7258.157. You may need to include a dependency on a specific version of the CDP using something similar to `org.seleniumhq.selenium:selenium-devtools-v86:4.25.0` where the version ("v86") matches the version of the chromium-based browser you're using and the version number of the artifact is the same as Selenium's.
]]></system-err>
  </testcase>
</testsuite>